<?xml version="1.0" encoding="UTF-8"?>
<testsuites>
   <testsuite name="suite" tests="1" failures="1" errors="0" time="65.443499775">
      <properties></properties>
      <testcase name="TCC-3533-Tibtunnel-connect-with-TibcoTunnelRoute-CR-deployment" classname="tibtest" time="65.443499775">
         <failure type="EXPECT_FAILED" message="task: teardown.confirm_deletionCR">expect condition &#39;confirm_deleteCR notContainsStr tcp-client-vs&#39; failed</failure>
      </testcase>
   </testsuite>
</testsuites>
